<?xml version="1.0" encoding="UTF-8"?>
<beans xmlns="http://www.springframework.org/schema/beans" xmlns:xsi="http://www.w3.org/2001/XMLSchema-instance"
       xmlns:context="http://www.springframework.org/schema/context" xmlns:tx="http://www.springframework.org/schema/tx"
       xsi:schemaLocation="
        http://www.springframework.org/schema/beans http://www.springframework.org/schema/beans/spring-beans-3.0.xsd
        http://www.springframework.org/schema/context http://www.springframework.org/schema/context/spring-context-3.0.xsd
        http://www.springframework.org/schema/tx http://www.springframework.org/schema/tx/spring-tx-3.0.xsd">

    <import resource="classpath:org/onebusaway/transit_data_federation/application-context.xml" /><!-- this references bundle -->
    <import resource="classpath:org/onebusaway/transit_data_federation/application-context-services.xml" />

    <context:component-scan base-package="org.onebusaway.transit_data_federation.impl" />
    <context:component-scan base-package="org.onebusaway.transit_data_federation.impl.transit_graph" />

    <bean id="bundleManagementService" class="org.onebusaway.transit_data_federation.impl.bundle.BundleManagementServiceImpl">
        <property name="bundleStoreRoot" value="${bundle.root}" />
        <property name="standaloneMode" value="true" />
        <property name="remoteSourceURI" value="${bundle.remote.source}"/>
    </bean>
    <!-- this isn't used but is required by bundleManagementService -->
    <bean id="httpServiceClient" class="org.onebusaway.transit_data_federation.util.HttpServiceClientImpl" >
        <constructor-arg type="java.lang.String" value="localhost"/>
        <constructor-arg type="java.lang.Integer" value="9999" />
        <constructor-arg type="java.lang.String" value="/api/" />
    </bean>
</beans>